Entrenando nuevo modelo 'tsu_base_50_1.0_0.001.crfsuite'
Feature generation
type: CRF1d
feature.minfreq: 0.000000
feature.possible_states: 0
feature.possible_transitions: 0
0....1....2....3....4....5....6....7....8....9....10
Number of features: 31185
Seconds required: 0.074

L-BFGS optimization
c1: 1.000000
c2: 0.001000
num_memories: 6
max_iterations: 50
epsilon: 0.000010
stop: 10
delta: 0.000010
linesearch: MoreThuente
linesearch.max_iterations: 20

***** Iteration #1 *****
Loss: 163466.995745
Feature norm: 1.000000
Error norm: 28324.558017
Active features: 16342
Line search trials: 1
Line search step: 0.000035
Seconds required for this iteration: 7.040

***** Iteration #2 *****
Loss: 145511.271218
Feature norm: 6.682442
Error norm: 35747.815206
Active features: 16337
Line search trials: 5
Line search step: 0.062500
Seconds required for this iteration: 17.562

***** Iteration #3 *****
Loss: 82600.481953
Feature norm: 5.283329
Error norm: 14385.320310
Active features: 15578
Line search trials: 1
Line search step: 1.000000
Seconds required for this iteration: 3.562

***** Iteration #4 *****
Loss: 80810.579021
Feature norm: 6.031424
Error norm: 17439.229617
Active features: 15484
Line search trials: 1
Line search step: 1.000000
Seconds required for this iteration: 3.782

***** Iteration #5 *****
Loss: 71233.986402
Feature norm: 6.994994
Error norm: 7997.526671
Active features: 15632
Line search trials: 1
Line search step: 1.000000
Seconds required for this iteration: 3.617

***** Iteration #6 *****
Loss: 71070.737639
Feature norm: 8.070831
Error norm: 22062.635056
Active features: 15524
Line search trials: 1
Line search step: 1.000000
Seconds required for this iteration: 3.672

***** Iteration #7 *****
Loss: 63312.707547
Feature norm: 8.851005
Error norm: 6097.952163
Active features: 15738
Line search trials: 1
Line search step: 1.000000
Seconds required for this iteration: 3.557

***** Iteration #8 *****
Loss: 60164.079075
Feature norm: 9.651375
Error norm: 10151.652681
Active features: 15503
Line search trials: 1
Line search step: 1.000000
Seconds required for this iteration: 4.120

***** Iteration #9 *****
Loss: 54451.364136
Feature norm: 11.013014
Error norm: 4973.649623
Active features: 15418
Line search trials: 1
Line search step: 1.000000
Seconds required for this iteration: 4.420

***** Iteration #10 *****
Loss: 48618.454506
Feature norm: 13.032871
Error norm: 5002.935885
Active features: 15257
Line search trials: 1
Line search step: 1.000000
Seconds required for this iteration: 4.268

***** Iteration #11 *****
Loss: 38111.322603
Feature norm: 16.299045
Error norm: 4187.885205
Active features: 14921
Line search trials: 1
Line search step: 1.000000
Seconds required for this iteration: 4.337

***** Iteration #12 *****
Loss: 31167.209200
Feature norm: 19.804846
Error norm: 3820.751378
Active features: 14721
Line search trials: 1
Line search step: 1.000000
Seconds required for this iteration: 4.186

***** Iteration #13 *****
Loss: 26428.083274
Feature norm: 22.871919
Error norm: 2241.599043
Active features: 14593
Line search trials: 1
Line search step: 1.000000
Seconds required for this iteration: 3.918

***** Iteration #14 *****
Loss: 22067.445474
Feature norm: 27.025581
Error norm: 2256.368061
Active features: 13861
Line search trials: 1
Line search step: 1.000000
Seconds required for this iteration: 4.000

***** Iteration #15 *****
Loss: 19041.094193
Feature norm: 29.521019
Error norm: 2804.139922
Active features: 13487
Line search trials: 1
Line search step: 1.000000
Seconds required for this iteration: 3.885

***** Iteration #16 *****
Loss: 17156.935893
Feature norm: 32.790214
Error norm: 3264.953996
Active features: 13177
Line search trials: 1
Line search step: 1.000000
Seconds required for this iteration: 3.955

***** Iteration #17 *****
Loss: 16259.735287
Feature norm: 33.154947
Error norm: 1327.408571
Active features: 13355
Line search trials: 1
Line search step: 1.000000
Seconds required for this iteration: 4.006

***** Iteration #18 *****
Loss: 14945.742913
Feature norm: 34.566741
Error norm: 1998.617368
Active features: 12958
Line search trials: 1
Line search step: 1.000000
Seconds required for this iteration: 3.816

***** Iteration #19 *****
Loss: 13577.584130
Feature norm: 36.719387
Error norm: 772.804167
Active features: 12696
Line search trials: 1
Line search step: 1.000000
Seconds required for this iteration: 3.913

***** Iteration #20 *****
Loss: 12377.936321
Feature norm: 38.412833
Error norm: 628.256587
Active features: 12353
Line search trials: 1
Line search step: 1.000000
Seconds required for this iteration: 4.008

***** Iteration #21 *****
Loss: 11504.870218
Feature norm: 41.533433
Error norm: 2147.910174
Active features: 11457
Line search trials: 2
Line search step: 0.500000
Seconds required for this iteration: 7.717

***** Iteration #22 *****
Loss: 9959.809601
Feature norm: 43.334910
Error norm: 561.805005
Active features: 11147
Line search trials: 1
Line search step: 1.000000
Seconds required for this iteration: 3.842

***** Iteration #23 *****
Loss: 9422.100477
Feature norm: 44.376483
Error norm: 409.094518
Active features: 10842
Line search trials: 1
Line search step: 1.000000
Seconds required for this iteration: 3.858

***** Iteration #24 *****
Loss: 8473.029890
Feature norm: 47.557784
Error norm: 583.956618
Active features: 9952
Line search trials: 1
Line search step: 1.000000
Seconds required for this iteration: 3.865

***** Iteration #25 *****
Loss: 8314.350019
Feature norm: 48.878872
Error norm: 2026.151158
Active features: 9667
Line search trials: 2
Line search step: 0.500000
Seconds required for this iteration: 7.738

***** Iteration #26 *****
Loss: 7867.997972
Feature norm: 49.246854
Error norm: 321.479903
Active features: 9712
Line search trials: 1
Line search step: 1.000000
Seconds required for this iteration: 3.882

***** Iteration #27 *****
Loss: 7588.378818
Feature norm: 50.271685
Error norm: 681.364530
Active features: 9372
Line search trials: 1
Line search step: 1.000000
Seconds required for this iteration: 3.917

***** Iteration #28 *****
Loss: 7130.910286
Feature norm: 52.719456
Error norm: 863.394512
Active features: 8802
Line search trials: 1
Line search step: 1.000000
Seconds required for this iteration: 3.923

***** Iteration #29 *****
Loss: 6818.227519
Feature norm: 53.798349
Error norm: 423.587154
Active features: 8540
Line search trials: 1
Line search step: 1.000000
Seconds required for this iteration: 3.893

***** Iteration #30 *****
Loss: 6597.352322
Feature norm: 55.134269
Error norm: 346.671277
Active features: 8223
Line search trials: 1
Line search step: 1.000000
Seconds required for this iteration: 3.926

***** Iteration #31 *****
Loss: 6313.212501
Feature norm: 56.417060
Error norm: 197.550770
Active features: 7882
Line search trials: 1
Line search step: 1.000000
Seconds required for this iteration: 3.893

***** Iteration #32 *****
Loss: 6045.659305
Feature norm: 58.814250
Error norm: 496.028242
Active features: 7427
Line search trials: 1
Line search step: 1.000000
Seconds required for this iteration: 3.899

***** Iteration #33 *****
Loss: 5930.965148
Feature norm: 58.988814
Error norm: 167.472524
Active features: 7352
Line search trials: 1
Line search step: 1.000000
Seconds required for this iteration: 3.899

***** Iteration #34 *****
Loss: 5735.634515
Feature norm: 60.589206
Error norm: 231.129676
Active features: 7081
Line search trials: 1
Line search step: 1.000000
Seconds required for this iteration: 3.872

***** Iteration #35 *****
Loss: 5545.994483
Feature norm: 65.113633
Error norm: 637.995631
Active features: 6478
Line search trials: 1
Line search step: 1.000000
Seconds required for this iteration: 3.922

***** Iteration #36 *****
Loss: 5406.818723
Feature norm: 64.662164
Error norm: 164.073000
Active features: 6616
Line search trials: 1
Line search step: 1.000000
Seconds required for this iteration: 3.918

***** Iteration #37 *****
Loss: 5362.580830
Feature norm: 65.126538
Error norm: 152.619247
Active features: 6541
Line search trials: 1
Line search step: 1.000000
Seconds required for this iteration: 3.896

***** Iteration #38 *****
Loss: 5256.466900
Feature norm: 69.222300
Error norm: 731.881640
Active features: 5757
Line search trials: 1
Line search step: 1.000000
Seconds required for this iteration: 3.890

***** Iteration #39 *****
Loss: 5161.449262
Feature norm: 69.130224
Error norm: 213.404558
Active features: 5865
Line search trials: 1
Line search step: 1.000000
Seconds required for this iteration: 3.886

***** Iteration #40 *****
Loss: 5127.258264
Feature norm: 68.676979
Error norm: 92.189004
Active features: 5886
Line search trials: 1
Line search step: 1.000000
Seconds required for this iteration: 3.906

***** Iteration #41 *****
Loss: 5073.467103
Feature norm: 70.941606
Error norm: 345.996912
Active features: 5457
Line search trials: 1
Line search step: 1.000000
Seconds required for this iteration: 3.897

***** Iteration #42 *****
Loss: 5021.149758
Feature norm: 71.159607
Error norm: 534.860441
Active features: 5412
Line search trials: 1
Line search step: 1.000000
Seconds required for this iteration: 3.892

***** Iteration #43 *****
Loss: 4973.178433
Feature norm: 71.659617
Error norm: 133.408351
Active features: 5418
Line search trials: 1
Line search step: 1.000000
Seconds required for this iteration: 3.930

***** Iteration #44 *****
Loss: 4939.979788
Feature norm: 72.386188
Error norm: 354.842451
Active features: 5266
Line search trials: 1
Line search step: 1.000000
Seconds required for this iteration: 3.967

***** Iteration #45 *****
Loss: 4900.512499
Feature norm: 72.782345
Error norm: 112.560171
Active features: 5140
Line search trials: 1
Line search step: 1.000000
Seconds required for this iteration: 4.106

***** Iteration #46 *****
Loss: 4869.320093
Feature norm: 74.232612
Error norm: 592.770465
Active features: 4865
Line search trials: 1
Line search step: 1.000000
Seconds required for this iteration: 3.942

***** Iteration #47 *****
Loss: 4818.378509
Feature norm: 74.807942
Error norm: 485.909231
Active features: 4665
Line search trials: 1
Line search step: 1.000000
Seconds required for this iteration: 3.952

***** Iteration #48 *****
Loss: 4780.024923
Feature norm: 76.366817
Error norm: 337.682654
Active features: 4564
Line search trials: 1
Line search step: 1.000000
Seconds required for this iteration: 4.327

***** Iteration #49 *****
Loss: 4751.094695
Feature norm: 76.516656
Error norm: 130.371560
Active features: 4516
Line search trials: 1
Line search step: 1.000000
Seconds required for this iteration: 3.897

***** Iteration #50 *****
Loss: 4722.347700
Feature norm: 77.078706
Error norm: 103.813451
Active features: 4404
Line search trials: 1
Line search step: 1.000000
Seconds required for this iteration: 4.039

L-BFGS terminated with the maximum number of iterations
Total seconds required for training: 221.118

Storing the model
Number of active features: 4404 (31185)
Number of active attributes: 1368 (15684)
Number of active labels: 215 (215)
Writing labels
Writing attributes
Writing feature references for transitions
Writing feature references for attributes
Seconds required: 0.002

Fin de entrenamiento. Tiempo de entrenamiento >> 221.84467101097107 [s] 3.6974111835161847 [m]
Basic example of prediction
Letters: b  i  m  á  h  i  ó  n  í  h  u  ̱
Predicted: B-3.cpl I-3.cpl B-ctrf I-ctrf B-stem I-stem I-stem I-stem I-stem B-pl I-pl I-pl
Correct: B-3.cpl I-3.cpl B-ctrf I-ctrf B-stem I-stem I-stem I-stem I-stem B-pl I-pl I-pl
		Precision	Recall	f1-score	Instances

3.cpl		0.99		0.99	0.99		90
ctrf		0.96		1.00	0.98		43
stem		0.96		0.97	0.96		1501
pl		0.95		0.80	0.87		25
det		1.00		0.98	0.99		165
3.icp		0.92		0.97	0.95		63
det.pl		0.95		1.00	0.97		55
lim		1.00		1.00	1.00		57
prag		0.98		0.98	0.98		66
2.icp		0.87		0.93	0.90		14
1.icp		0.98		1.00	0.99		53
muy		0.93		0.87	0.90		15
2.obj		1.00		1.00	1.00		5
lig		0.86		0.77	0.81		48
dem		1.00		0.82	0.90		44
2.pss		1.00		1.00	1.00		9
3.pot		0.98		1.00	0.99		50
1.pss		1.00		0.97	0.99		34
dim		0.93		0.97	0.95		38
1.prf		1.00		1.00	1.00		18
psd		0.99		1.00	0.99		71
3.cnt		0.95		1.00	0.97		19
1.obj		0.92		0.92	0.92		26
1.pot		1.00		1.00	1.00		48
pl.exc		0.97		0.95	0.96		38
1.cpl		1.00		1.00	1.00		39
2		0.33		0.50	0.40		2
3.pss		0.62		1.00	0.77		5
1.cpl.irr		1.00		1.00	1.00		2
1.cnt		1.00		1.00	1.00		9
loc		1.00		1.00	1.00		17
1.pls		1.00		0.50	0.67		2
2.prf		1.00		1.00	1.00		1
it		1.00		1.00	1.00		12
dual		1.00		1.00	1.00		2
pues		1.00		1.00	1.00		1
ila		0.85		1.00	0.92		28
1.icp.irr		1.00		1.00	1.00		2
med		1.00		0.83	0.91		6
3.obj		0.90		0.50	0.64		18
2.cpl		1.00		0.50	0.67		2
1.enf		1.00		0.80	0.89		5
3.prf		0.92		1.00	0.96		11
3.pls		1.00		1.00	1.00		7
prt		1.00		0.23	0.38		13
mod		1.00		0.72	0.84		18
dual.exc		0.75		1.00	0.86		6
3.icp.irr		1.00		1.00	1.00		6
3.imp		0.75		1.00	0.86		3
toluca		1.00		1.00	1.00		2
p.loc		1.00		0.50	0.67		6
aum		1.00		1.00	1.00		1
2.cnt		1.00		1.00	1.00		1
hasta		1.00		1.00	1.00		1
y		1.00		0.25	0.40		4

total/avg	0.96		0.95	0.96
                  precision    recall  f1-score   support

         B-1.cnt       1.00      1.00      1.00         9
         I-1.cnt       1.00      1.00      1.00        27
         B-1.cpl       1.00      1.00      1.00        39
         I-1.cpl       1.00      1.00      1.00        39
     B-1.cpl.irr       1.00      1.00      1.00         2
     I-1.cpl.irr       1.00      1.00      1.00         2
         B-1.enf       1.00      0.80      0.89         5
         I-1.enf       1.00      0.80      0.89         5
         B-1.icp       0.98      1.00      0.99        53
         I-1.icp       0.98      1.00      0.99        53
     B-1.icp.irr       1.00      1.00      1.00         2
     I-1.icp.irr       1.00      1.00      1.00         4
         B-1.obj       0.92      0.92      0.92        26
         I-1.obj       0.92      0.92      0.92        26
         B-1.pls       1.00      0.50      0.67         2
         I-1.pls       1.00      0.50      0.67         2
         B-1.pot       1.00      1.00      1.00        48
         I-1.pot       1.00      1.00      1.00        48
         B-1.prf       1.00      1.00      1.00        18
         I-1.prf       1.00      1.00      1.00        18
         B-1.pss       1.00      0.97      0.99        34
         I-1.pss       1.00      0.97      0.99        34
             B-2       0.33      0.50      0.40         2
             I-2       0.33      0.50      0.40         2
         B-2.cnt       1.00      1.00      1.00         1
         I-2.cnt       1.00      1.00      1.00         2
         B-2.cpl       1.00      0.50      0.67         2
         I-2.cpl       1.00      0.50      0.67         2
         B-2.icp       0.87      0.93      0.90        14
         I-2.icp       0.87      0.93      0.90        14
         B-2.obj       1.00      1.00      1.00         5
         I-2.obj       1.00      1.00      1.00        10
         B-2.prf       1.00      1.00      1.00         1
         I-2.prf       1.00      1.00      1.00         1
         B-2.pss       1.00      1.00      1.00         9
         I-2.pss       1.00      1.00      1.00         9
         B-3.cnt       0.95      1.00      0.97        19
         I-3.cnt       0.95      1.00      0.97        38
         B-3.cpl       0.99      0.99      0.99        90
         I-3.cpl       0.99      0.99      0.99        90
         B-3.icp       0.92      0.97      0.95        63
         I-3.icp       1.00      0.67      0.80         3
     B-3.icp.irr       1.00      1.00      1.00         6
     I-3.icp.irr       1.00      1.00      1.00         6
         B-3.imp       0.75      1.00      0.86         3
         I-3.imp       0.75      1.00      0.86         6
         B-3.obj       0.90      0.50      0.64        18
         I-3.obj       0.90      0.50      0.64        18
         B-3.pls       1.00      1.00      1.00         7
         I-3.pls       1.00      1.00      1.00         7
         B-3.pot       0.98      1.00      0.99        50
         I-3.pot       0.98      1.00      0.99        50
         B-3.prf       0.92      1.00      0.96        11
         I-3.prf       0.92      1.00      0.96        11
         B-3.pss       0.62      1.00      0.77         5
         I-3.pss       0.62      1.00      0.77        10
      B-3.pss.pl       0.00      0.00      0.00         1
      I-3.pss.pl       0.00      0.00      0.00         2
           B-adj       0.00      0.00      0.00         2
           I-adj       0.00      0.00      0.00         2
B-animal.de.dios       0.00      0.00      0.00         1
I-animal.de.dios       0.00      0.00      0.00         4
          B-aqui       0.00      0.00      0.00         1
          I-aqui       0.00      0.00      0.00         2
           B-aum       1.00      1.00      1.00         1
           I-aum       1.00      1.00      1.00         2
           B-com       0.00      0.00      0.00         1
           I-com       0.00      0.00      0.00         1
          B-cond       0.00      0.00      0.00         2
          I-cond       0.00      0.00      0.00         3
          B-ctrf       0.96      1.00      0.98        43
          I-ctrf       0.96      1.00      0.98        43
          B-cómo       0.00      0.00      0.00         1
          I-cómo       0.00      0.00      0.00         1
           B-dem       1.00      0.82      0.90        44
           I-dem       1.00      0.84      0.91       113
           B-det       1.00      0.98      0.99       165
           I-det       1.00      0.98      0.99       330
       B-det.dem       0.00      0.00      0.00         1
       I-det.dem       0.00      0.00      0.00         3
        B-det.pl       0.95      1.00      0.97        55
        I-det.pl       0.95      1.00      0.97       114
           B-dim       0.93      0.97      0.95        38
           I-dim       0.93      0.97      0.95        76
          B-dual       1.00      1.00      1.00         2
          I-dual       1.00      1.00      1.00         2
      B-dual.exc       0.75      1.00      0.86         6
      I-dual.exc       0.75      1.00      0.86         6
           B-gen       0.00      0.00      0.00         1
           I-gen       0.00      0.00      0.00         2
         B-hasta       1.00      1.00      1.00         1
         I-hasta       1.00      1.00      1.00         1
           B-ila       0.85      1.00      0.92        28
           I-ila       0.85      1.00      0.92        56
            B-it       1.00      1.00      1.00        12
            I-it       1.00      1.00      1.00        12
           B-lig       0.86      0.77      0.81        48
           B-lim       1.00      1.00      1.00        57
           I-lim       1.00      1.00      1.00       165
           B-loc       1.00      1.00      1.00        17
           I-loc       1.00      1.00      1.00        34
         B-maría       0.00      0.00      0.00         1
         I-maría       0.00      0.00      0.00         4
           B-med       1.00      0.83      0.91         6
      B-mientras       0.00      0.00      0.00         1
      I-mientras       0.00      0.00      0.00         3
           B-mod       1.00      0.72      0.84        18
           I-mod       1.00      0.85      0.92        34
           B-muy       0.93      0.87      0.90        15
           I-muy       0.93      0.87      0.90        45
           B-neg       0.00      0.00      0.00         2
           I-neg       0.00      0.00      0.00         4
         B-p.loc       1.00      0.50      0.67         6
         I-p.loc       1.00      0.50      0.67         6
            B-pl       0.95      0.80      0.87        25
            I-pl       0.97      0.85      0.90        33
        B-pl.exc       0.97      0.95      0.96        38
        I-pl.exc       0.97      0.95      0.96        38
          B-prag       0.99      0.99      0.99        67
          I-prag       0.99      0.99      0.99        67
           B-prt       1.00      0.23      0.38        13
           I-prt       1.00      0.19      0.32        16
           B-psd       0.99      1.00      0.99        71
          B-pues       1.00      1.00      1.00         1
          I-pues       1.00      1.00      1.00         1
           B-qué       0.00      0.00      0.00         2
           I-qué       0.00      0.00      0.00         2
           B-spt       0.00      0.00      0.00         1
           I-spt       0.00      0.00      0.00         1
          B-stem       0.97      0.98      0.97      1501
          I-stem       0.97      0.99      0.98      4407
        B-toluca       1.00      1.00      1.00         2
        I-toluca       1.00      1.00      1.00        14
             B-y       1.00      0.25      0.40         4

       micro avg       0.97      0.97      0.97      9032
       macro avg       0.75      0.71      0.72      9032
    weighted avg       0.96      0.97      0.96      9032
     samples avg       0.97      0.97      0.97      9032

Accuracy Score>>>>  0.9665633303808681
Top likely transitions:
From Label -> To label | Weight
B-int  -> I-int    | 9.170560
B-stem -> I-stem   | 8.961747
B-det  -> I-det    | 7.206224
B-neg  -> I-neg    | 7.128734
B-aqui -> I-aqui   | 6.898069
I-stem -> I-stem   | 6.813235
B-loc  -> I-loc    | 6.664086
B-prt  -> I-prt    | 6.659817
B-lim  -> I-lim    | 6.605201
B-det.pl -> I-det.pl | 6.577977
B-dem  -> I-dem    | 6.429467
I-3.cnt -> I-3.cnt  | 6.320696
B-3.pls -> I-3.pls  | 6.244742
B-3.obj -> I-3.obj  | 6.111590
B-1.icp -> I-1.icp  | 6.075852

Top unlikely transitions:
From Label -> To label | Weight
I-dual -> B-stem   | -0.022028
I-3.obj -> B-det    | -0.029563
I-stem -> B-3.cpl  | -0.031957
I-stem -> B-2.icp  | -0.048061
I-aum  -> B-stem   | -0.126235
I-3.obj -> B-stem   | -0.137477
I-stem -> B-1.icp  | -0.191471
I-dem  -> B-stem   | -0.217375
I-ila  -> B-stem   | -0.221639
I-stem -> B-ctrf   | -0.261815
I-stem -> B-3.prf  | -0.302354
I-mod  -> B-dem    | -0.371284
I-stem -> B-stem   | -0.460756
I-1.obj -> B-stem   | -0.461918
I-prag -> B-stem   | -0.504431
Top positive:
Weight | Label | Attribute
5.447163 | B-stem | BOW
4.700353 | I-stem | EOW
4.556011 | B-3.icp | BOW
4.473552 | I-2.cnt | prev2letters=gr>
4.408740 | I-det.pl | prev2letters=yi>
4.366774 | I-1.cnt | prev3letters=dri>
4.352546 | B-dim  | nxt2letters=<si
4.232173 | B-lig  | letterLowercase=h
4.218309 | I-ila  | prev2letters=th>
4.110908 | B-1.pss | nxtletter=<ä
3.811515 | I-det.pl | postag=det
3.742466 | I-it   | prevletter=p>
3.733902 | B-it   | letterLowercase=p
3.712077 | B-med  | BOW
3.617751 | B-3.pot | letterLowercase=d

Top negative:
Weight | Label | Attribute
-1.456489 | I-det  | postag=v
-1.471800 | B-stem | postag=n
-1.474084 | I-2.icp | EOW
-1.498076 | I-stem | prev2letters=é'>
-1.507080 | I-stem | letterLowercase=c
-1.551013 | I-prag | postag=n
-1.551783 | I-stem | prev2letters=ná>
-1.562374 | I-stem | prev2letters=te>
-1.582491 | B-prag | postag=n
-1.618222 | I-stem | prev3letters=khá>
-1.820734 | B-ctrf | letterposition=-1
-1.919290 | I-ctrf | EOW
-1.926803 | I-stem | prev3letters=yóh>
-2.167317 | B-stem | postag=v
-2.316361 | B-3.cpl | letterposition=-3
