**********
K FOLDS VALIDATION
**********
	K-Fold # 1
Usando modelo pre-entrenado >> models/HMMLike/HMMLike_regularized_k_1.crfsuite
Basic example of prediction
Letters: b  i  d  μ  m  i  b  i  z  μ  h  μ
Predicted: B-3.cpl I-3.cpl B-stem I-stem I-stem I-stem B-3.cpl I-3.cpl B-stem I-stem I-stem I-stem
Correct: B-3.cpl I-3.cpl B-stem I-stem I-stem I-stem B-3.cpl I-3.cpl B-stem I-stem I-stem I-stem
**********
Partial Time>> 0 Accuracy parcial>> 0.886811520970187
		Precision	Recall	f1-score	Instances

3.cpl		0.96		0.98	0.97		45
stem		0.85		0.83	0.84		681
1.pss		0.86		0.90	0.88		20
det.pl		1.00		1.00	1.00		18
1.obj		0.94		0.89	0.91		18
ila		0.86		0.75	0.80		16
det		0.88		0.88	0.88		66
dim		0.75		0.69	0.72		13
ctrf		0.68		0.96	0.80		27
prag		0.97		1.00	0.99		33
3.pls		0.57		0.80	0.67		5
lig		0.84		0.55	0.67		29
1.icp		0.96		0.86	0.91		28
lim		1.00		1.00	1.00		38
3.icp		0.74		0.86	0.79		29
3.pot		0.89		1.00	0.94		24
2.icp		0.82		0.75	0.78		12
psd		0.90		0.90	0.90		42
1.cnt		1.00		1.00	1.00		8
1.cpl		0.76		1.00	0.87		13
int		1.00		1.00	1.00		1
dual.exc		1.00		0.75	0.86		4
pl.exc		0.88		0.85	0.86		26
prt		1.00		0.50	0.67		4
mod		1.00		1.00	1.00		2
it		0.80		1.00	0.89		4
3.icp.irr		1.00		1.00	1.00		3
1.pot		0.80		1.00	0.89		32
1.enf		0.50		0.50	0.50		4
2.pss		1.00		1.00	1.00		4
med		0.83		1.00	0.91		5
loc		1.00		0.78	0.88		9
pl		1.00		0.53	0.70		15
dem		1.00		0.48	0.65		21
1.cpl.irr		1.00		1.00	1.00		1
2		1.00		0.50	0.67		2
1.prf		1.00		0.83	0.91		6
3.cnt		1.00		0.43	0.60		7
muy		0.50		0.33	0.40		3
3.obj		1.00		0.33	0.50		3
dual		0.80		1.00	0.89		4
3.prf		0.80		0.44	0.57		9

total/avg	0.86		0.83	0.85
              precision    recall  f1-score   support

     B-1.cnt       1.00      1.00      1.00         8
     I-1.cnt       1.00      1.00      1.00        16
     B-1.cpl       0.76      1.00      0.87        13
     I-1.cpl       0.76      1.00      0.87        13
 B-1.cpl.irr       1.00      1.00      1.00         1
 I-1.cpl.irr       1.00      1.00      1.00         1
     B-1.enf       0.50      0.50      0.50         4
     I-1.enf       0.50      0.50      0.50         4
     B-1.icp       0.96      0.86      0.91        28
     I-1.icp       0.96      0.86      0.91        28
     B-1.irr       0.00      0.00      0.00         2
     I-1.irr       0.00      0.00      0.00         4
     B-1.obj       0.94      0.89      0.91        18
     I-1.obj       0.94      0.89      0.91        18
     B-1.pot       0.80      1.00      0.89        32
     I-1.pot       0.80      1.00      0.89        32
     B-1.prf       1.00      0.83      0.91         6
     I-1.prf       1.00      0.83      0.91         6
     B-1.pss       0.86      0.90      0.88        20
     I-1.pss       0.86      0.90      0.88        20
      B-1.sg       0.00      0.00      0.00         1
      I-1.sg       0.00      0.00      0.00         3
         B-2       1.00      0.50      0.67         2
         I-2       1.00      0.50      0.67         2
     B-2.cpl       0.00      0.00      0.00         2
     I-2.cpl       0.00      0.00      0.00         2
     B-2.icp       0.82      0.75      0.78        12
     I-2.icp       0.82      0.75      0.78        12
     B-2.obj       0.00      0.00      0.00         2
     I-2.obj       0.00      0.00      0.00         3
     B-2.pss       1.00      1.00      1.00         4
     I-2.pss       1.00      1.00      1.00         4
     B-3.cnt       1.00      0.43      0.60         7
     I-3.cnt       1.00      0.43      0.60         7
     B-3.cpl       0.96      0.98      0.97        45
     I-3.cpl       0.96      0.98      0.97        45
     B-3.icp       0.74      0.86      0.79        29
     I-3.icp       0.00      0.00      0.00         1
 B-3.icp.irr       1.00      1.00      1.00         3
 I-3.icp.irr       1.00      1.00      1.00         3
     B-3.imp       0.00      0.00      0.00         1
     I-3.imp       0.00      0.00      0.00         2
     B-3.obj       1.00      0.33      0.50         3
     I-3.obj       1.00      0.25      0.40         4
     B-3.pls       0.57      0.80      0.67         5
     I-3.pls       0.57      0.80      0.67         5
     B-3.pot       0.89      1.00      0.94        24
     I-3.pot       0.89      1.00      0.94        24
     B-3.prf       0.80      0.44      0.57         9
     I-3.prf       0.80      0.44      0.57         9
     B-3.pss       0.00      0.00      0.00         1
     I-3.pss       0.00      0.00      0.00         1
       B-com       0.00      0.00      0.00         1
       I-com       0.00      0.00      0.00         1
  B-conj.adv       0.00      0.00      0.00         1
      B-ctrf       0.68      0.96      0.80        27
      I-ctrf       0.68      0.96      0.80        27
       B-dem       1.00      0.48      0.65        21
       I-dem       1.00      0.45      0.62        38
       B-det       0.88      0.88      0.88        66
       I-det       0.88      0.88      0.88        66
    B-det.pl       1.00      1.00      1.00        18
    I-det.pl       1.00      1.00      1.00        18
       B-dim       0.75      0.69      0.72        13
       I-dim       0.75      0.69      0.72        26
      B-dual       0.80      1.00      0.89         4
      I-dual       0.80      1.00      0.89         4
  B-dual.exc       1.00      0.75      0.86         4
  I-dual.exc       1.00      0.75      0.86         4
     B-dónde       0.00      0.00      0.00         1
      B-encl       0.00      0.00      0.00         1
      I-encl       0.00      0.00      0.00         1
       B-gen       0.00      0.00      0.00         1
       I-gen       0.00      0.00      0.00         2
       B-ila       0.86      0.75      0.80        16
       I-ila       0.86      0.75      0.80        32
       B-int       1.00      1.00      1.00         1
       I-int       1.00      1.00      1.00         1
        B-it       0.80      1.00      0.89         4
        I-it       0.80      1.00      0.89         4
       B-lig       0.84      0.55      0.67        29
       B-lim       1.00      1.00      1.00        38
       I-lim       1.00      1.00      1.00        72
       B-loc       1.00      0.78      0.88         9
       I-loc       1.00      0.82      0.90        17
   B-lugar/v       0.00      0.00      0.00         1
   I-lugar/v       0.00      0.00      0.00         4
     B-maria       0.00      0.00      0.00         1
     I-maria       0.00      0.00      0.00         4
       B-med       0.83      1.00      0.91         5
       B-mod       1.00      1.00      1.00         2
       I-mod       1.00      1.00      1.00         8
       B-muy       0.50      0.33      0.40         3
       I-muy       0.50      0.33      0.40         6
     B-p.loc       0.00      0.00      0.00         1
     I-p.loc       0.00      0.00      0.00         1
        B-pl       1.00      0.50      0.67        16
        I-pl       1.00      0.50      0.67        16
    B-pl.exc       0.88      0.85      0.86        26
    I-pl.exc       0.88      0.85      0.86        26
      B-prag       0.97      1.00      0.99        33
      I-prag       0.97      1.00      0.99        33
       B-prf       0.00      0.00      0.00         1
       I-prf       0.00      0.00      0.00         1
       B-prt       1.00      0.50      0.67         4
       I-prt       1.00      0.50      0.67         4
       B-psd       0.90      0.90      0.90        42
      B-stem       0.89      0.86      0.88       681
      I-stem       0.89      0.94      0.92      1918
   B-tal.vez       0.00      0.00      0.00         1
   I-tal.vez       0.00      0.00      0.00         1

   micro avg       0.89      0.89      0.89      3958
   macro avg       0.64      0.58      0.59      3958
weighted avg       0.88      0.89      0.88      3958
 samples avg       0.89      0.89      0.89      3958

	K-Fold # 2
Usando modelo pre-entrenado >> models/HMMLike/HMMLike_regularized_k_2.crfsuite
Basic example of prediction
Letters: '  á  b  μ  d  a  d  e  s  k  w  i  d  á  m  b  μ  h  í  '  á  d  í  m  á  y  ι  '
Predicted: B-stem I-stem I-stem I-stem B-3.pot I-3.pot B-stem I-stem I-stem I-stem I-stem I-stem I-stem I-stem B-stem I-stem I-stem I-stem I-stem B-stem I-stem B-1.icp I-1.icp B-stem I-stem B-lim I-lim I-lim
Correct: B-p.loc I-p.loc B-stem I-stem B-3.pot I-3.pot B-stem I-stem I-stem I-stem I-stem I-stem I-stem I-stem B-stem I-stem I-stem I-stem I-stem B-stem I-stem B-1.icp I-1.icp B-stem I-stem B-lim I-lim I-lim
**********
Partial Time>> 0 Accuracy parcial>> 0.8746418338108882
		Precision	Recall	f1-score	Instances

3.pot		0.91		0.95	0.93		21
stem		0.85		0.83	0.84		754
1.icp		0.85		1.00	0.92		23
lim		0.97		1.00	0.99		36
1.cpl		0.88		0.96	0.92		24
lig		1.00		0.48	0.65		27
prag		0.95		0.97	0.96		37
psd		0.80		0.88	0.84		42
3.cnt		1.00		0.31	0.47		13
3.cpl		0.94		1.00	0.97		48
det		0.80		0.93	0.86		75
dem		0.92		0.65	0.76		17
ctrf		0.83		0.80	0.81		30
3.icp		0.70		0.88	0.78		26
det.pl		0.87		0.81	0.84		16
1.obj		1.00		0.75	0.86		8
loc		0.89		0.89	0.89		9
pl		0.50		0.50	0.50		4
2.icp		0.69		1.00	0.82		9
med		0.50		0.25	0.33		4
1.enf		1.00		1.00	1.00		2
3.icp.irr		0.67		1.00	0.80		4
dim		0.75		0.80	0.77		15
ila		1.00		0.40	0.57		15
int		1.00		1.00	1.00		2
pl.exc		0.93		0.88	0.90		16
2.cnt		0.25		1.00	0.40		1
3.pls		1.00		0.83	0.91		6
1.pot		0.66		1.00	0.79		19
3.prf		0.86		1.00	0.92		6
prt		1.00		0.25	0.40		8
mod		1.00		0.20	0.33		10
dual.exc		1.00		1.00	1.00		5
1.pss		0.86		1.00	0.92		12
1.prf		0.88		1.00	0.93		7
1.cnt		1.00		0.86	0.92		7
3.imp		1.00		0.50	0.67		4
muy		1.00		0.50	0.67		2
3.obj		0.50		0.33	0.40		6
it		1.00		0.50	0.67		6
dual		1.00		0.50	0.67		2
1.cpl.irr		0.80		1.00	0.89		4
2.cpl		1.00		0.33	0.50		3

total/avg	0.85		0.81	0.83
              precision    recall  f1-score   support

     B-1.cnt       1.00      0.86      0.92         7
     I-1.cnt       1.00      0.86      0.92        14
     B-1.cpl       0.88      0.96      0.92        24
     I-1.cpl       0.88      0.96      0.92        24
 B-1.cpl.irr       0.80      1.00      0.89         4
 I-1.cpl.irr       0.80      1.00      0.89         4
     B-1.enf       1.00      1.00      1.00         2
     I-1.enf       1.00      1.00      1.00         2
     B-1.icp       0.85      1.00      0.92        23
     I-1.icp       0.85      1.00      0.92        23
 B-1.icp.irr       0.00      0.00      0.00         4
 I-1.icp.irr       0.00      0.00      0.00         8
     B-1.obj       1.00      0.75      0.86         8
     I-1.obj       1.00      0.75      0.86         8
     B-1.pls       0.00      0.00      0.00         1
     I-1.pls       0.00      0.00      0.00         1
     B-1.pot       0.66      1.00      0.79        19
     I-1.pot       0.63      1.00      0.78        19
     B-1.prf       0.88      1.00      0.93         7
     I-1.prf       0.88      1.00      0.93         7
     B-1.pss       0.86      1.00      0.92        12
     I-1.pss       0.86      1.00      0.92        12
         B-2       0.00      0.00      0.00         3
         I-2       0.00      0.00      0.00         3
     B-2.cnt       0.25      1.00      0.40         1
     I-2.cnt       0.25      1.00      0.40         2
     B-2.cpl       1.00      0.33      0.50         3
     I-2.cpl       1.00      0.33      0.50         3
     B-2.icp       0.69      1.00      0.82         9
     I-2.icp       0.69      1.00      0.82         9
     B-2.obj       0.00      0.00      0.00         3
     I-2.obj       0.00      0.00      0.00         6
     B-2.prf       0.00      0.00      0.00         1
     I-2.prf       0.00      0.00      0.00         1
     B-3.cnt       1.00      0.31      0.47        13
     I-3.cnt       1.00      0.31      0.47        13
     B-3.cpl       0.94      1.00      0.97        48
     I-3.cpl       0.94      1.00      0.97        48
     B-3.icp       0.70      0.88      0.78        26
     I-3.icp       0.33      0.33      0.33         3
 B-3.icp.irr       0.67      1.00      0.80         4
 I-3.icp.irr       0.67      1.00      0.80         4
     B-3.imp       1.00      0.50      0.67         4
     I-3.imp       1.00      0.50      0.67         8
     B-3.obj       0.50      0.33      0.40         6
     I-3.obj       0.50      0.33      0.40         6
     B-3.pls       1.00      0.83      0.91         6
     I-3.pls       1.00      0.83      0.91         6
     B-3.pot       0.91      0.95      0.93        21
     I-3.pot       0.87      0.95      0.91        21
     B-3.prf       0.86      1.00      0.92         6
     I-3.prf       0.86      1.00      0.92         6
     B-3.pss       0.00      0.00      0.00         5
     I-3.pss       0.00      0.00      0.00         5
      B-3.sg       0.00      0.00      0.00         1
      I-3.sg       0.00      0.00      0.00         3
       B-adj       0.00      0.00      0.00         1
       I-adj       0.00      0.00      0.00         1
      B-aqui       0.00      0.00      0.00         3
      I-aqui       0.00      0.00      0.00         5
      B-caus       0.00      0.00      0.00         1
      I-caus       0.00      0.00      0.00         1
      B-ctrf       0.83      0.80      0.81        30
      I-ctrf       0.83      0.80      0.81        30
       B-dem       0.92      0.65      0.76        17
       I-dem       0.88      0.64      0.74        22
       B-det       0.80      0.93      0.86        75
       I-det       0.80      0.91      0.85        77
    B-det.pl       0.87      0.81      0.84        16
    I-det.pl       0.87      0.76      0.81        17
       B-dim       0.75      0.80      0.77        15
       I-dim       0.75      0.80      0.77        30
      B-dual       1.00      0.50      0.67         2
      I-dual       1.00      0.50      0.67         2
  B-dual.exc       1.00      1.00      1.00         5
  I-dual.exc       1.00      1.00      1.00         5
     B-hasta       0.00      0.00      0.00         1
     I-hasta       0.00      0.00      0.00         1
       B-ila       1.00      0.40      0.57        15
       I-ila       1.00      0.40      0.57        30
       B-int       1.00      1.00      1.00         2
       I-int       1.00      1.00      1.00         2
        B-it       1.00      0.50      0.67         6
        I-it       1.00      0.50      0.67         6
       B-lig       1.00      0.48      0.65        27
       I-lig       0.00      0.00      0.00         1
       B-lim       0.97      1.00      0.99        36
       I-lim       0.97      1.00      0.99        69
       B-loc       0.89      0.89      0.89         9
       I-loc       0.89      0.89      0.89        18
       B-med       0.50      0.25      0.33         4
       I-med       0.00      0.00      0.00         1
  B-mientras       0.00      0.00      0.00         1
  I-mientras       0.00      0.00      0.00         3
       B-mod       1.00      0.20      0.33        10
       I-mod       1.00      0.47      0.64        17
   B-mujer/v       0.00      0.00      0.00         1
   I-mujer/v       0.00      0.00      0.00         4
       B-muy       1.00      0.50      0.67         2
       I-muy       1.00      0.50      0.67         4
       B-neg       0.00      0.00      0.00         2
       I-neg       0.00      0.00      0.00         3
     B-p.loc       0.00      0.00      0.00         2
     I-p.loc       0.00      0.00      0.00         2
        B-pl       0.60      0.60      0.60         5
        I-pl       0.60      0.60      0.60         5
    B-pl.exc       0.93      0.88      0.90        16
    I-pl.exc       0.93      0.88      0.90        16
   B-por.que       0.00      0.00      0.00         1
   I-por.que       0.00      0.00      0.00         1
      B-prag       0.95      0.97      0.96        37
      I-prag       0.95      0.97      0.96        37
       B-prt       1.00      0.25      0.40         8
       I-prt       1.00      0.15      0.27        13
       B-psd       0.80      0.88      0.84        42
      B-pues       0.00      0.00      0.00         1
      I-pues       0.00      0.00      0.00         1
      B-stem       0.90      0.88      0.89       754
      I-stem       0.88      0.95      0.91      2056
    B-tiempo       0.00      0.00      0.00         1
    I-tiempo       0.00      0.00      0.00         5
    B-toluca       0.00      0.00      0.00         1
    I-toluca       0.00      0.00      0.00         6
       B-uno       0.00      0.00      0.00         2
       I-uno       0.00      0.00      0.00         2
       B-vez       0.00      0.00      0.00         1
       I-vez       0.00      0.00      0.00         2
         B-y       0.00      0.00      0.00         1

   micro avg       0.88      0.87      0.88      4188
   macro avg       0.56      0.50      0.50      4188
weighted avg       0.86      0.87      0.86      4188
 samples avg       0.87      0.87      0.87      4188

	K-Fold # 3
Usando modelo pre-entrenado >> models/HMMLike/HMMLike_regularized_k_3.crfsuite
Basic example of prediction
Letters: á  n  k  '  ú  x  o  i  p  ε  p  h  í  '  á  m  ú  n  d  o  o  '  á  n  t  s  μ  h  n  í
Predicted: B-stem I-stem B-loc I-loc I-loc B-stem I-stem B-3.icp B-stem I-stem I-stem I-stem I-stem B-stem I-stem B-stem I-stem I-stem I-stem I-stem I-stem B-stem I-stem B-stem I-stem I-stem I-stem I-stem I-stem I-stem
Correct: B-stem I-stem I-stem I-stem I-stem B-stem I-stem B-3.icp B-stem I-stem I-stem I-stem I-stem B-stem I-stem B-stem I-stem I-stem I-stem I-stem B-stem B-stem I-stem B-stem I-stem I-stem I-stem I-stem I-stem I-stem
**********
Partial Time>> 0 Accuracy parcial>> 0.8850792149444313
		Precision	Recall	f1-score	Instances

stem		0.86		0.82	0.84		774
3.icp		0.87		0.87	0.87		38
lim		0.96		1.00	0.98		47
prag		0.90		1.00	0.95		37
psd		0.90		1.00	0.95		44
det		0.83		0.91	0.87		82
3.cpl		0.98		1.00	0.99		47
1.obj		0.71		0.83	0.77		12
ctrf		0.72		0.95	0.82		22
ila		0.94		0.83	0.88		18
1.cpl.irr		1.00		1.00	1.00		3
1.pss		0.69		0.95	0.80		19
lig		0.68		0.68	0.68		22
pl		0.71		0.45	0.56		11
3.pls		0.60		0.50	0.55		6
dem		0.88		0.61	0.72		23
1.pot		0.83		0.88	0.86		17
3.pot		1.00		0.97	0.98		30
det.pl		0.93		0.88	0.90		16
dim		0.64		0.94	0.76		17
pl.exc		0.92		0.79	0.85		14
1.cpl		0.75		1.00	0.86		15
med		0.50		1.00	0.67		1
dual.exc		1.00		0.89	0.94		9
1.icp		0.89		0.93	0.91		27
1.enf		0.75		0.75	0.75		4
3.obj		1.00		0.57	0.73		7
loc		0.70		0.88	0.78		8
muy		1.00		1.00	1.00		2
1.cnt		1.00		1.00	1.00		5
3.icp.irr		1.00		1.00	1.00		3
dual		1.00		1.00	1.00		2
2.obj		1.00		0.50	0.67		2
3.cnt		0.71		0.71	0.71		7
2.cpl		1.00		0.50	0.67		2
2.pss		1.00		1.00	1.00		7
mod		1.00		0.20	0.33		5
toluca		1.00		1.00	1.00		1
2.icp		0.83		0.83	0.83		6
1.prf		0.67		1.00	0.80		6
it		0.33		0.25	0.29		4
1.icp.irr		1.00		1.00	1.00		1
2.cnt		0.50		1.00	0.67		2
3.prf		0.14		1.00	0.25		1

total/avg	0.85		0.83	0.84
              precision    recall  f1-score   support

     B-1.cnt       1.00      1.00      1.00         5
     I-1.cnt       1.00      1.00      1.00        10
     B-1.cpl       0.75      1.00      0.86        15
     I-1.cpl       0.75      1.00      0.86        15
 B-1.cpl.irr       1.00      1.00      1.00         3
 I-1.cpl.irr       1.00      1.00      1.00         3
     B-1.enf       0.75      0.75      0.75         4
     I-1.enf       0.75      0.75      0.75         4
     B-1.icp       0.89      0.93      0.91        27
     I-1.icp       0.89      0.93      0.91        27
 B-1.icp.irr       1.00      1.00      1.00         1
 I-1.icp.irr       1.00      1.00      1.00         2
     B-1.obj       0.71      0.83      0.77        12
     I-1.obj       0.71      0.83      0.77        12
     B-1.pot       0.83      0.88      0.86        17
     I-1.pot       0.79      0.88      0.83        17
     B-1.prf       0.67      1.00      0.80         6
     I-1.prf       0.67      1.00      0.80         6
     B-1.pss       0.69      0.95      0.80        19
     I-1.pss       0.69      0.95      0.80        19
      B-1.sg       0.00      0.00      0.00         1
      I-1.sg       0.00      0.00      0.00         3
     B-2.cnt       0.50      1.00      0.67         2
     I-2.cnt       0.50      1.00      0.67         4
     B-2.cpl       1.00      0.50      0.67         2
     I-2.cpl       1.00      0.50      0.67         2
     B-2.enf       0.00      0.00      0.00         1
     I-2.enf       0.00      0.00      0.00         1
     B-2.icp       0.83      0.83      0.83         6
     I-2.icp       0.83      0.83      0.83         6
 B-2.icp.irr       0.00      0.00      0.00         1
 I-2.icp.irr       0.00      0.00      0.00         2
     B-2.obj       1.00      0.50      0.67         2
     I-2.obj       1.00      0.50      0.67         4
     B-2.prf       0.00      0.00      0.00         2
     I-2.prf       0.00      0.00      0.00         2
     B-2.pss       1.00      1.00      1.00         7
     I-2.pss       1.00      1.00      1.00         7
     B-3.cnt       0.71      0.71      0.71         7
     I-3.cnt       0.71      0.71      0.71         7
     B-3.cpl       0.98      1.00      0.99        47
     I-3.cpl       0.98      1.00      0.99        47
 B-3.cpl.irr       0.00      0.00      0.00         2
 I-3.cpl.irr       0.00      0.00      0.00         4
     B-3.icp       0.87      0.87      0.87        38
     I-3.icp       0.00      0.00      0.00         2
 B-3.icp.irr       1.00      1.00      1.00         3
 I-3.icp.irr       1.00      1.00      1.00         3
     B-3.imp       0.00      0.00      0.00         2
     I-3.imp       0.00      0.00      0.00         4
     B-3.obj       1.00      0.57      0.73         7
     I-3.obj       1.00      0.57      0.73         7
     B-3.pls       0.60      0.50      0.55         6
     I-3.pls       0.60      0.50      0.55         6
     B-3.pot       1.00      0.97      0.98        30
     I-3.pot       0.97      0.97      0.97        30
     B-3.prf       0.14      1.00      0.25         1
     I-3.prf       0.14      1.00      0.25         1
     B-3.pss       0.00      0.00      0.00         3
     I-3.pss       0.00      0.00      0.00         3
       B-com       0.00      0.00      0.00         1
       I-com       0.00      0.00      0.00         1
      B-cond       0.00      0.00      0.00         1
      I-cond       0.00      0.00      0.00         1
      B-ctrf       0.72      0.95      0.82        22
      I-ctrf       0.72      0.95      0.82        22
    B-cuando       0.00      0.00      0.00         2
    I-cuando       0.00      0.00      0.00         2
       B-dem       0.88      0.61      0.72        23
       I-dem       0.82      0.64      0.72        36
       B-det       0.83      0.91      0.87        82
       I-det       0.83      0.89      0.86        84
    B-det.pl       0.93      0.88      0.90        16
    I-det.pl       0.93      0.82      0.87        17
       B-dim       0.64      0.94      0.76        17
       I-dim       0.64      0.94      0.76        34
      B-dual       1.00      1.00      1.00         2
      I-dual       1.00      1.00      1.00         2
  B-dual.exc       1.00      0.89      0.94         9
  I-dual.exc       1.00      0.89      0.94         9
      B-encl       0.00      0.00      0.00         1
      I-encl       0.00      0.00      0.00         1
       B-gen       0.00      0.00      0.00         1
       I-gen       0.00      0.00      0.00         2
     B-hasta       0.00      0.00      0.00         1
     I-hasta       0.00      0.00      0.00         1
       B-ila       0.94      0.83      0.88        18
       I-ila       0.94      0.83      0.88        36
        B-it       0.33      0.25      0.29         4
        I-it       0.33      0.25      0.29         4
       B-lig       0.68      0.68      0.68        22
       B-lim       0.96      1.00      0.98        47
       I-lim       0.96      1.00      0.98        92
       B-loc       0.70      0.88      0.78         8
       I-loc       0.70      0.88      0.78        16
       B-med       0.50      1.00      0.67         1
       B-mod       1.00      0.20      0.33         5
       I-mod       1.00      0.20      0.33         5
       B-muy       1.00      1.00      1.00         2
       I-muy       1.00      1.00      1.00         4
       B-neg       0.00      0.00      0.00         2
       I-neg       0.00      0.00      0.00         6
     B-p.loc       0.00      0.00      0.00         1
     I-p.loc       0.00      0.00      0.00         1
        B-pl       0.71      0.45      0.56        11
        I-pl       0.71      0.50      0.59        10
    B-pl.exc       0.92      0.79      0.85        14
    I-pl.exc       0.92      0.79      0.85        14
      B-prag       0.90      1.00      0.95        37
      I-prag       0.90      1.00      0.95        37
       B-prt       0.00      0.00      0.00         5
       I-prt       0.00      0.00      0.00         7
       B-psd       0.90      1.00      0.95        44
    B-pueblo       0.00      0.00      0.00         1
    I-pueblo       0.00      0.00      0.00         4
      B-pues       0.00      0.00      0.00         2
      I-pues       0.00      0.00      0.00         2
       B-que       0.00      0.00      0.00         1
       I-que       0.00      0.00      0.00         1
      B-stem       0.91      0.86      0.88       775
      I-stem       0.91      0.93      0.92      2054
    B-toluca       1.00      1.00      1.00         1
    I-toluca       1.00      1.00      1.00         6

   micro avg       0.89      0.89      0.89      4229
   macro avg       0.57      0.57      0.55      4229
weighted avg       0.88      0.89      0.88      4229
 samples avg       0.89      0.89      0.89      4229

	K-Fold # 4
Usando modelo pre-entrenado >> models/HMMLike/HMMLike_regularized_k_4.crfsuite
Basic example of prediction
Letters: á  n  k  h  a  g  r  i  t  u  t  s  í  y  ι  y  ι  t  r  ó  s  o
Predicted: B-stem I-stem I-stem I-stem I-stem B-2.cnt I-2.cnt I-2.cnt B-stem I-stem I-stem I-stem I-stem B-det.pl I-det.pl B-det.pl I-det.pl B-stem I-stem I-stem I-stem I-stem
Correct: B-stem I-stem I-stem I-stem I-stem B-2.cnt I-2.cnt I-2.cnt B-stem I-stem I-stem I-stem I-stem B-det.pl I-det.pl B-det.pl I-det.pl B-stem I-stem I-stem I-stem I-stem
**********
Partial Time>> 0 Accuracy parcial>> 0.9035714285714286
		Precision	Recall	f1-score	Instances

stem		0.88		0.85	0.87		773
2.cnt		1.00		1.00	1.00		1
det.pl		0.86		0.94	0.90		33
det		0.84		0.96	0.90		77
3.pot		0.86		1.00	0.92		30
lim		1.00		1.00	1.00		32
3.cpl		0.85		1.00	0.92		45
ctrf		0.82		1.00	0.90		14
prag		0.97		1.00	0.99		35
lig		0.94		0.62	0.74		26
pl		0.93		0.74	0.82		19
1.pss		0.76		1.00	0.86		19
muy		0.78		0.70	0.74		10
1.obj		0.61		1.00	0.76		14
pl.exc		0.81		0.95	0.88		22
it		0.90		1.00	0.95		9
2.icp		1.00		0.73	0.84		11
loc		1.00		1.00	1.00		5
psd		0.90		0.95	0.92		39
1.cpl		0.95		1.00	0.98		20
1.icp		0.93		0.93	0.93		27
1.pot		0.85		1.00	0.92		22
dual.exc		1.00		1.00	1.00		2
mod		0.50		0.33	0.40		6
ila		0.75		0.67	0.71		9
3.icp		0.78		0.90	0.84		40
dim		0.82		0.75	0.78		12
1.enf		0.33		1.00	0.50		1
2		1.00		0.50	0.67		2
3.obj		1.00		0.50	0.67		4
dem		0.62		0.45	0.53		11
3.pls		0.40		0.80	0.53		5
dual		0.50		1.00	0.67		1
3.icp.irr		1.00		1.00	1.00		3
1.prf		0.83		0.83	0.83		6
3.prf		1.00		0.38	0.55		8
1.cnt		1.00		1.00	1.00		2
med		1.00		1.00	1.00		3
3.cnt		1.00		0.11	0.20		9
2.pss		1.00		1.00	1.00		3
prt		0.50		0.12	0.20		8
aum		1.00		0.50	0.67		2

total/avg	0.87		0.86	0.86
              precision    recall  f1-score   support

     B-1.cnt       1.00      1.00      1.00         2
     I-1.cnt       1.00      1.00      1.00         4
     B-1.cpl       0.95      1.00      0.98        20
     I-1.cpl       0.95      1.00      0.98        20
     B-1.enf       0.33      1.00      0.50         1
     I-1.enf       0.33      1.00      0.50         1
     B-1.icp       0.93      0.93      0.93        27
     I-1.icp       0.93      0.93      0.93        27
     B-1.obj       0.61      1.00      0.76        14
     I-1.obj       0.61      1.00      0.76        14
     B-1.pls       0.00      0.00      0.00         1
     I-1.pls       0.00      0.00      0.00         1
     B-1.pot       0.85      1.00      0.92        22
     I-1.pot       0.85      1.00      0.92        22
     B-1.prf       0.83      0.83      0.83         6
     I-1.prf       0.83      0.83      0.83         6
     B-1.pss       0.76      1.00      0.86        19
     I-1.pss       0.76      1.00      0.86        19
         B-2       1.00      0.50      0.67         2
         I-2       1.00      0.50      0.67         2
     B-2.cnt       1.00      1.00      1.00         1
     I-2.cnt       1.00      1.00      1.00         2
     B-2.icp       1.00      0.73      0.84        11
     I-2.icp       1.00      0.73      0.84        11
     B-2.pss       1.00      1.00      1.00         3
     I-2.pss       1.00      1.00      1.00         3
     B-3.cnt       1.00      0.11      0.20         9
     I-3.cnt       1.00      0.11      0.20         9
     B-3.cpl       0.85      1.00      0.92        45
     I-3.cpl       0.85      1.00      0.92        45
     B-3.icp       0.78      0.90      0.84        40
     I-3.icp       0.00      0.00      0.00         2
 B-3.icp.irr       1.00      1.00      1.00         3
 I-3.icp.irr       1.00      1.00      1.00         3
     B-3.obj       1.00      0.50      0.67         4
     I-3.obj       0.50      0.50      0.50         4
     B-3.pls       0.40      0.80      0.53         5
     I-3.pls       0.40      0.80      0.53         5
     B-3.pot       0.86      1.00      0.92        30
     I-3.pot       0.86      1.00      0.92        30
     B-3.prf       1.00      0.38      0.55         8
     I-3.prf       1.00      0.38      0.55         8
     B-3.pss       0.00      0.00      0.00         4
     I-3.pss       0.00      0.00      0.00         4
       B-aum       1.00      0.50      0.67         2
       I-aum       1.00      0.50      0.67         4
      B-ctrf       0.82      1.00      0.90        14
      I-ctrf       0.82      1.00      0.90        14
       B-dem       0.62      0.45      0.53        11
       I-dem       0.64      0.50      0.56        18
       B-det       0.84      0.96      0.90        77
       I-det       0.84      0.96      0.90        77
    B-det.pl       0.86      0.94      0.90        33
    I-det.pl       0.86      0.91      0.89        34
       B-dim       0.82      0.75      0.78        12
       I-dim       0.82      0.75      0.78        24
      B-dual       0.50      1.00      0.67         1
      I-dual       0.50      1.00      0.67         1
  B-dual.exc       1.00      1.00      1.00         2
  I-dual.exc       1.00      1.00      1.00         2
        B-eh       0.00      0.00      0.00         1
        I-eh       0.00      0.00      0.00         1
       B-gen       0.00      0.00      0.00         1
       I-gen       0.00      0.00      0.00         2
       B-ila       0.75      0.67      0.71         9
       I-ila       0.75      0.67      0.71        18
        B-it       0.90      1.00      0.95         9
        I-it       0.82      1.00      0.90         9
       B-lig       0.94      0.62      0.74        26
       I-lig       0.00      0.00      0.00         1
       B-lim       1.00      1.00      1.00        32
       I-lim       0.98      1.00      0.99        63
       B-loc       1.00      1.00      1.00         5
       I-loc       1.00      1.00      1.00        10
       B-med       1.00      1.00      1.00         3
       B-mod       0.50      0.33      0.40         6
       I-mod       0.71      0.38      0.50        13
       B-mov       0.00      0.00      0.00         1
       I-mov       0.00      0.00      0.00         1
       B-muy       0.78      0.70      0.74        10
       I-muy       0.78      0.70      0.74        20
       B-neg       0.00      0.00      0.00         2
       I-neg       0.00      0.00      0.00         4
     B-p.loc       0.00      0.00      0.00         2
     I-p.loc       1.00      0.50      0.67         2
        B-pl       0.93      0.74      0.82        19
        I-pl       0.93      0.74      0.82        19
    B-pl.exc       0.81      0.95      0.88        22
    I-pl.exc       0.81      0.95      0.88        22
      B-prag       0.97      1.00      0.99        35
      I-prag       0.97      1.00      0.99        35
       B-prt       0.50      0.12      0.20         8
       I-prt       0.33      0.09      0.14        11
       B-psd       0.90      0.95      0.92        39
      B-pues       0.00      0.00      0.00         1
      I-pues       0.00      0.00      0.00         1
      B-solo       0.00      0.00      0.00         1
      I-solo       0.00      0.00      0.00         2
      B-stem       0.92      0.89      0.90       774
      I-stem       0.93      0.94      0.94      2114
         B-y       0.00      0.00      0.00         1

   micro avg       0.90      0.90      0.90      4200
   macro avg       0.67      0.65      0.63      4200
weighted avg       0.90      0.90      0.90      4200
 samples avg       0.90      0.90      0.90      4200

	K-Fold # 5
Usando modelo pre-entrenado >> models/HMMLike/HMMLike_regularized_k_5.crfsuite
Basic example of prediction
Letters: á  n  k  h  a  g  r  i  y  '  μ  t  é  á  n  k  h  a
Predicted: B-stem I-stem I-stem I-stem I-stem B-stem I-stem I-stem I-stem I-stem I-stem I-stem I-stem I-stem I-stem I-stem I-stem I-stem
Correct: B-stem I-stem I-stem I-stem I-stem B-2.cnt I-2.cnt I-2.cnt B-lig B-stem I-stem I-stem I-stem B-stem I-stem I-stem I-stem I-stem
