Entrenando nuevo modelo 'tsu_l2_zero_50_1.0_0.crfsuite'
Feature generation
type: CRF1d
feature.minfreq: 0.000000
feature.possible_states: 0
feature.possible_transitions: 0
0....1....2....3....4....5....6....7....8....9....10
Number of features: 34633
Seconds required: 0.088

L-BFGS optimization
c1: 1.000000
c2: 0.000000
num_memories: 6
max_iterations: 50
epsilon: 0.000010
stop: 10
delta: 0.000010
linesearch: MoreThuente
linesearch.max_iterations: 20

***** Iteration #1 *****
Loss: 205509.208682
Feature norm: 1.000000
Error norm: 35560.996498
Active features: 18771
Line search trials: 1
Line search step: 0.000028
Seconds required for this iteration: 10.031

***** Iteration #2 *****
Loss: 185424.542282
Feature norm: 6.815980
Error norm: 44696.795659
Active features: 18755
Line search trials: 5
Line search step: 0.062500
Seconds required for this iteration: 23.934

***** Iteration #3 *****
Loss: 103755.320546
Feature norm: 5.377721
Error norm: 20226.880190
Active features: 17965
Line search trials: 1
Line search step: 1.000000
Seconds required for this iteration: 4.730

***** Iteration #4 *****
Loss: 98287.291562
Feature norm: 5.585880
Error norm: 15976.638820
Active features: 18371
Line search trials: 2
Line search step: 0.500000
Seconds required for this iteration: 9.578

***** Iteration #5 *****
Loss: 91087.505033
Feature norm: 6.835274
Error norm: 8772.864939
Active features: 18330
Line search trials: 1
Line search step: 1.000000
Seconds required for this iteration: 4.867

***** Iteration #6 *****
Loss: 87491.433144
Feature norm: 7.131767
Error norm: 11833.455630
Active features: 18214
Line search trials: 1
Line search step: 1.000000
Seconds required for this iteration: 4.838

***** Iteration #7 *****
Loss: 78072.281591
Feature norm: 8.778677
Error norm: 12378.880172
Active features: 17975
Line search trials: 1
Line search step: 1.000000
Seconds required for this iteration: 4.992

***** Iteration #8 *****
Loss: 73217.138128
Feature norm: 11.985498
Error norm: 17686.696718
Active features: 17560
Line search trials: 1
Line search step: 1.000000
Seconds required for this iteration: 5.008

***** Iteration #9 *****
Loss: 64179.015095
Feature norm: 12.812672
Error norm: 7708.238058
Active features: 17646
Line search trials: 1
Line search step: 1.000000
Seconds required for this iteration: 4.795

***** Iteration #10 *****
Loss: 60159.409811
Feature norm: 14.309445
Error norm: 12097.846685
Active features: 17616
Line search trials: 1
Line search step: 1.000000
Seconds required for this iteration: 4.764

***** Iteration #11 *****
Loss: 54333.517320
Feature norm: 15.469077
Error norm: 6335.496636
Active features: 17595
Line search trials: 1
Line search step: 1.000000
Seconds required for this iteration: 4.746

***** Iteration #12 *****
Loss: 46994.781016
Feature norm: 20.899767
Error norm: 12344.683303
Active features: 17192
Line search trials: 1
Line search step: 1.000000
Seconds required for this iteration: 5.116

***** Iteration #13 *****
Loss: 41914.093136
Feature norm: 21.215963
Error norm: 5761.706495
Active features: 17399
Line search trials: 1
Line search step: 1.000000
Seconds required for this iteration: 4.973

***** Iteration #14 *****
Loss: 38753.012372
Feature norm: 22.650204
Error norm: 7334.267344
Active features: 17173
Line search trials: 1
Line search step: 1.000000
Seconds required for this iteration: 4.725

***** Iteration #15 *****
Loss: 35241.167315
Feature norm: 23.888089
Error norm: 3464.502456
Active features: 17159
Line search trials: 1
Line search step: 1.000000
Seconds required for this iteration: 5.063

***** Iteration #16 *****
Loss: 30430.802108
Feature norm: 27.635863
Error norm: 6051.971538
Active features: 16756
Line search trials: 1
Line search step: 1.000000
Seconds required for this iteration: 4.953

***** Iteration #17 *****
Loss: 27963.550045
Feature norm: 28.406369
Error norm: 2609.532479
Active features: 16800
Line search trials: 1
Line search step: 1.000000
Seconds required for this iteration: 5.313

***** Iteration #18 *****
Loss: 24946.248752
Feature norm: 30.589297
Error norm: 3868.257258
Active features: 16364
Line search trials: 1
Line search step: 1.000000
Seconds required for this iteration: 4.789

***** Iteration #19 *****
Loss: 22675.056992
Feature norm: 32.387844
Error norm: 1464.205300
Active features: 16144
Line search trials: 1
Line search step: 1.000000
Seconds required for this iteration: 4.877

***** Iteration #20 *****
Loss: 20242.570196
Feature norm: 34.336309
Error norm: 1365.372056
Active features: 15621
Line search trials: 1
Line search step: 1.000000
Seconds required for this iteration: 4.926

***** Iteration #21 *****
Loss: 17379.768367
Feature norm: 37.474278
Error norm: 2346.770390
Active features: 14709
Line search trials: 1
Line search step: 1.000000
Seconds required for this iteration: 4.745

***** Iteration #22 *****
Loss: 15568.138816
Feature norm: 39.735103
Error norm: 1004.910342
Active features: 14292
Line search trials: 1
Line search step: 1.000000
Seconds required for this iteration: 5.066

***** Iteration #23 *****
Loss: 14034.030288
Feature norm: 42.157394
Error norm: 2013.663928
Active features: 13739
Line search trials: 1
Line search step: 1.000000
Seconds required for this iteration: 4.838

***** Iteration #24 *****
Loss: 12815.049380
Feature norm: 43.280017
Error norm: 672.461473
Active features: 13463
Line search trials: 1
Line search step: 1.000000
Seconds required for this iteration: 4.979

***** Iteration #25 *****
Loss: 11722.726871
Feature norm: 45.952926
Error norm: 647.650002
Active features: 12725
Line search trials: 1
Line search step: 1.000000
Seconds required for this iteration: 5.244

***** Iteration #26 *****
Loss: 10851.141081
Feature norm: 48.397353
Error norm: 1846.222987
Active features: 11956
Line search trials: 1
Line search step: 1.000000
Seconds required for this iteration: 5.224

***** Iteration #27 *****
Loss: 10051.817739
Feature norm: 50.302305
Error norm: 709.727120
Active features: 11611
Line search trials: 1
Line search step: 1.000000
Seconds required for this iteration: 5.057

***** Iteration #28 *****
Loss: 9496.488317
Feature norm: 51.725016
Error norm: 452.046901
Active features: 11426
Line search trials: 1
Line search step: 1.000000
Seconds required for this iteration: 5.107

***** Iteration #29 *****
Loss: 8729.577589
Feature norm: 55.588296
Error norm: 859.461479
Active features: 10682
Line search trials: 1
Line search step: 1.000000
Seconds required for this iteration: 5.260

***** Iteration #30 *****
Loss: 8433.728356
Feature norm: 56.094496
Error norm: 347.810223
Active features: 10604
Line search trials: 1
Line search step: 1.000000
Seconds required for this iteration: 5.122

***** Iteration #31 *****
Loss: 7986.040721
Feature norm: 57.731399
Error norm: 289.481107
Active features: 10150
Line search trials: 1
Line search step: 1.000000
Seconds required for this iteration: 5.122

***** Iteration #32 *****
Loss: 7850.678490
Feature norm: 58.494797
Error norm: 1105.789436
Active features: 9776
Line search trials: 3
Line search step: 0.250000
Seconds required for this iteration: 14.511

***** Iteration #33 *****
Loss: 7454.596612
Feature norm: 59.226163
Error norm: 314.316997
Active features: 9495
Line search trials: 1
Line search step: 1.000000
Seconds required for this iteration: 4.729

***** Iteration #34 *****
Loss: 7240.526908
Feature norm: 59.617891
Error norm: 290.669717
Active features: 9293
Line search trials: 1
Line search step: 1.000000
Seconds required for this iteration: 4.741

***** Iteration #35 *****
Loss: 6907.710692
Feature norm: 61.225790
Error norm: 335.745085
Active features: 8778
Line search trials: 1
Line search step: 1.000000
Seconds required for this iteration: 4.899

***** Iteration #36 *****
Loss: 6729.378060
Feature norm: 61.499373
Error norm: 441.295547
Active features: 8592
Line search trials: 1
Line search step: 1.000000
Seconds required for this iteration: 5.228

***** Iteration #37 *****
Loss: 6502.556838
Feature norm: 62.933956
Error norm: 285.250998
Active features: 8174
Line search trials: 1
Line search step: 1.000000
Seconds required for this iteration: 5.180

***** Iteration #38 *****
Loss: 6266.318344
Feature norm: 64.660145
Error norm: 165.790946
Active features: 7709
Line search trials: 1
Line search step: 1.000000
Seconds required for this iteration: 5.149

***** Iteration #39 *****
Loss: 6116.575840
Feature norm: 65.536067
Error norm: 176.203512
Active features: 7383
Line search trials: 1
Line search step: 1.000000
Seconds required for this iteration: 5.170

***** Iteration #40 *****
Loss: 5994.727077
Feature norm: 67.883593
Error norm: 746.711736
Active features: 6617
Line search trials: 1
Line search step: 1.000000
Seconds required for this iteration: 5.068

***** Iteration #41 *****
Loss: 5881.956521
Feature norm: 67.884512
Error norm: 310.512709
Active features: 6639
Line search trials: 1
Line search step: 1.000000
Seconds required for this iteration: 5.154

***** Iteration #42 *****
Loss: 5850.078476
Feature norm: 67.950629
Error norm: 157.858057
Active features: 6648
Line search trials: 1
Line search step: 1.000000
Seconds required for this iteration: 5.198

***** Iteration #43 *****
Loss: 5734.938028
Feature norm: 69.407886
Error norm: 286.950787
Active features: 6254
Line search trials: 1
Line search step: 1.000000
Seconds required for this iteration: 5.008

***** Iteration #44 *****
Loss: 5639.015805
Feature norm: 71.296163
Error norm: 452.245982
Active features: 5903
Line search trials: 1
Line search step: 1.000000
Seconds required for this iteration: 4.868

***** Iteration #45 *****
Loss: 5585.616746
Feature norm: 71.603801
Error norm: 102.707124
Active features: 5899
Line search trials: 1
Line search step: 1.000000
Seconds required for this iteration: 4.881

***** Iteration #46 *****
Loss: 5505.863972
Feature norm: 72.776278
Error norm: 166.585622
Active features: 5717
Line search trials: 1
Line search step: 1.000000
Seconds required for this iteration: 5.073

***** Iteration #47 *****
Loss: 5405.443520
Feature norm: 75.343448
Error norm: 283.393984
Active features: 5340
Line search trials: 1
Line search step: 1.000000
Seconds required for this iteration: 4.844

***** Iteration #48 *****
Loss: 5364.133293
Feature norm: 75.533704
Error norm: 78.686930
Active features: 5287
Line search trials: 1
Line search step: 1.000000
Seconds required for this iteration: 4.870

***** Iteration #49 *****
Loss: 5291.592717
Feature norm: 77.084821
Error norm: 173.076950
Active features: 5020
Line search trials: 1
Line search step: 1.000000
Seconds required for this iteration: 4.891

***** Iteration #50 *****
Loss: 5271.809278
Feature norm: 77.863458
Error norm: 711.107756
Active features: 4852
Line search trials: 1
Line search step: 1.000000
Seconds required for this iteration: 5.033

L-BFGS terminated with the maximum number of iterations
Total seconds required for training: 287.277

Storing the model
Number of active features: 4852 (34633)
Number of active attributes: 1513 (17247)
Number of active labels: 219 (219)
Writing labels
Writing attributes
Writing feature references for transitions
Writing feature references for attributes
Seconds required: 0.003

Fin de entrenamiento. Tiempo de entrenamiento >> 288.97122073173523 [s] 4.816187012195587 [m]
Basic example of prediction
Letters: n  a  n  '  d  í  m  b  a  n  y  o  w  i  r  ι  m  a  m  á  k  o  r  ι  b  e  d  i  c  í
Predicted: B-stem I-stem B-stem I-stem I-stem I-stem B-3.imp I-3.imp I-3.imp B-stem I-stem I-stem B-prag I-prag B-stem I-stem I-stem I-stem I-stem I-stem B-stem I-stem B-stem I-stem B-stem I-stem I-stem I-stem I-stem I-stem
Correct: B-stem I-stem B-stem I-stem I-stem I-stem B-psd B-3.icp I-3.icp B-stem I-stem I-stem B-prag I-prag B-3.pss I-3.pss B-stem I-stem I-stem I-stem B-stem I-stem B-3.imp I-3.imp B-stem I-stem I-stem I-stem I-stem I-stem
		Precision	Recall	f1-score	Instances

stem		0.65		0.68	0.67		94
prag		1.00		1.00	1.00		3
psd		1.00		0.81	0.90		16
2.cnt		0.50		0.20	0.29		5
ctrf		1.00		1.00	1.00		1
lim		1.00		0.50	0.67		2
dual.exc		1.00		1.00	1.00		3
1.pss		1.00		1.00	1.00		2
3.prf		1.00		1.00	1.00		2
pl.exc		1.00		1.00	1.00		4
pl		1.00		0.83	0.91		6
1.icp		1.00		1.00	1.00		11
2.icp		0.80		1.00	0.89		8
3.icp		1.00		0.89	0.94		9
1.cpl		1.00		1.00	1.00		5
3.cpl		1.00		1.00	1.00		5
3.pot		1.00		1.00	1.00		5
2.pss		1.00		0.50	0.67		2
1.prf		1.00		1.00	1.00		1
2.prf		1.00		1.00	1.00		1
1.obj		1.00		0.50	0.67		2
3.imp		0.50		0.50	0.50		2
lig		0.60		0.75	0.67		4
1.pot		1.00		0.20	0.33		5

total/avg	0.79		0.66	0.72
              precision    recall  f1-score   support

     B-1.cnt       0.00      0.00      0.00         8
     I-1.cnt       0.00      0.00      0.00        16
     B-1.cpl       1.00      1.00      1.00         5
     I-1.cpl       1.00      1.00      1.00         5
     B-1.icp       1.00      1.00      1.00        11
     I-1.icp       1.00      1.00      1.00        11
     B-1.obj       1.00      0.50      0.67         2
     I-1.obj       1.00      0.50      0.67         2
     B-1.pot       1.00      0.20      0.33         5
     I-1.pot       1.00      0.20      0.33         5
     B-1.prf       1.00      1.00      1.00         1
     I-1.prf       1.00      1.00      1.00         1
     B-1.pss       1.00      1.00      1.00         2
     I-1.pss       1.00      1.00      1.00         2
     B-2.cnt       0.50      0.20      0.29         5
     I-2.cnt       0.50      0.20      0.29        10
     B-2.cpl       0.00      0.00      0.00         4
     I-2.cpl       0.00      0.00      0.00         4
     B-2.icp       0.80      1.00      0.89         8
     I-2.icp       0.80      1.00      0.89         8
     B-2.pot       0.00      0.00      0.00         4
     I-2.pot       0.00      0.00      0.00         4
     B-2.prf       1.00      1.00      1.00         1
     I-2.prf       1.00      1.00      1.00         1
     B-2.pss       1.00      0.50      0.67         2
     I-2.pss       1.00      0.50      0.67         2
     B-3.cnt       0.00      0.00      0.00         7
     I-3.cnt       0.00      0.00      0.00         7
     B-3.cpl       1.00      1.00      1.00         5
     I-3.cpl       1.00      1.00      1.00         5
     B-3.icp       1.00      0.89      0.94         9
     I-3.icp       0.00      0.00      0.00         1
     B-3.imp       0.50      0.50      0.50         2
     I-3.imp       0.50      0.67      0.57         3
     B-3.pot       1.00      1.00      1.00         5
     I-3.pot       1.00      1.00      1.00         5
     B-3.prf       1.00      1.00      1.00         2
     I-3.prf       1.00      1.00      1.00         2
     B-3.pss       0.00      0.00      0.00         1
     I-3.pss       0.00      0.00      0.00         1
      B-ctrf       1.00      1.00      1.00         1
      I-ctrf       1.00      1.00      1.00         1
       B-dem       0.00      0.00      0.00         1
       I-dem       0.00      0.00      0.00         2
       B-det       0.00      0.00      0.00         3
       I-det       0.00      0.00      0.00         3
  B-dual.exc       1.00      1.00      1.00         3
  I-dual.exc       1.00      1.00      1.00         3
       B-lig       0.60      0.75      0.67         4
       B-lim       1.00      0.50      0.67         2
       I-lim       1.00      0.67      0.80         3
        B-pl       1.00      0.83      0.91         6
        I-pl       1.00      0.83      0.91         6
    B-pl.exc       1.00      1.00      1.00         4
    I-pl.exc       1.00      1.00      1.00         4
      B-prag       1.00      1.00      1.00         3
      I-prag       1.00      1.00      1.00         3
       B-psd       1.00      0.81      0.90        16
      B-stem       0.66      0.68      0.67        95
      I-stem       0.74      0.99      0.85       245

   micro avg       0.78      0.78      0.78       592
   macro avg       0.69      0.62      0.63       592
weighted avg       0.70      0.78      0.72       592
 samples avg       0.78      0.78      0.78       592

Accuracy Score>>>>  0.7753378378378378
Top likely transitions:
From Label -> To label | Weight
B-stem -> I-stem   | 11.007238
B-int  -> I-int    | 8.528799
I-stem -> I-stem   | 8.085521
B-det  -> I-det    | 7.441169
B-loc  -> I-loc    | 7.373718
B-det.pl -> I-det.pl | 7.027264
B-prt  -> I-prt    | 6.983407
B-1.cnt -> I-1.cnt  | 6.673485
B-2.cnt -> I-2.cnt  | 6.577969
B-1.icp -> I-1.icp  | 6.538307
B-2.icp -> I-2.icp  | 6.347868
B-neg  -> I-neg    | 6.224432
B-2    -> I-2      | 6.138940
B-3.icp -> I-3.icp  | 6.082956
B-dem  -> I-dem    | 6.014057

Top unlikely transitions:
From Label -> To label | Weight
I-stem -> B-2.icp  | -0.085014
I-aquí -> B-stem   | -0.087137
I-stem -> B-3.prf  | -0.093717
I-3.obj -> B-det    | -0.129712
I-1.enf -> B-stem   | -0.148299
I-pl   -> B-det.pl | -0.157746
I-dem  -> B-stem   | -0.214174
I-neg  -> B-stem   | -0.259761
I-aum  -> B-stem   | -0.266784
I-stem -> B-stem   | -0.331840
I-3.obj -> B-stem   | -0.456979
I-mod  -> B-dem    | -0.634969
I-ila  -> B-stem   | -0.673790
I-1.obj -> B-stem   | -0.689622
I-prag -> B-stem   | -0.868376
Top positive:
Weight | Label | Attribute
5.543963 | B-stem | BOW
4.797321 | I-stem | EOW
4.736978 | B-3.icp | BOW
4.634475 | I-det.pl | prev2letters=yi>
4.233155 | I-it   | prevletter=p>
4.216402 | B-it   | letterLowercase=p
4.187020 | B-lig  | letterLowercase=h
4.104466 | I-1.cnt | prev3letters=dri>
4.032546 | I-det.pl | postag=det
3.709407 | I-2.cnt | prev2letters=gr>
3.689239 | B-psd  | letterLowercase=n
3.680308 | B-prag | letterLowercase=w
3.655574 | B-stem | postag=cnj
3.626967 | B-3.cpl | letterLowercase=b
3.563095 | B-1.pss | nxtletter=<ä

Top negative:
Weight | Label | Attribute
-1.463953 | I-stem | prev2letters=xo>
-1.524714 | B-stem | prevletter=n>
-1.565013 | I-stem | prev2letters=é'>
-1.581863 | I-stem | prev4letters=bimá>
-1.611016 | B-3.cpl | letterposition=-3
-1.710902 | I-stem | letterLowercase=c
-1.711856 | I-stem | prev2letters=sú>
-1.735471 | I-det  | postag=v
-1.816838 | B-stem | postag=n
-1.846831 | I-stem | prev3letters=khá>
-1.853611 | B-prag | postag=n
-1.901764 | I-prag | postag=n
-1.910883 | B-stem | nxtletter=<̱
-2.354170 | I-ctrf | EOW
-2.424831 | B-stem | postag=v
